<?xml version="1.0" encoding="UTF-8"?>
<testng-results ignored="0" total="31" passed="28" failed="3" skipped="0">
  <reporter-output>
  </reporter-output>
  <suite started-at="2024-09-04T17:27:42 IST" name="Default suite" finished-at="2024-09-04T17:38:27 IST" duration-ms="644963">
    <groups>
    </groups>
    <test started-at="2024-09-04T17:27:42 IST" name="Default test" finished-at="2024-09-04T17:38:27 IST" duration-ms="644963">
      <class name="allPages.ViewUser">
        <test-method is-config="true" signature="launch()[pri:0, instance:allPages.ViewUser@37f1104d]" started-at="2024-09-04T17:27:42 IST" name="launch" finished-at="2024-09-04T17:27:42 IST" duration-ms="10" status="PASS">
          <reporter-output>
          </reporter-output>
        </test-method> <!-- launch -->
        <test-method is-config="true" signature="setUp()[pri:0, instance:allPages.ViewUser@37f1104d]" started-at="2024-09-04T17:27:42 IST" name="setUp" finished-at="2024-09-04T17:27:45 IST" duration-ms="3278" status="PASS">
          <reporter-output>
          </reporter-output>
        </test-method> <!-- setUp -->
        <test-method signature="ViewUsersClick()[pri:1, instance:allPages.ViewUser@37f1104d]" started-at="2024-09-04T17:27:45 IST" name="ViewUsersClick" finished-at="2024-09-04T17:27:51 IST" duration-ms="5194" status="PASS">
          <reporter-output>
          </reporter-output>
        </test-method> <!-- ViewUsersClick -->
        <test-method is-config="true" signature="tearDown()[pri:0, instance:allPages.ViewUser@37f1104d]" started-at="2024-09-04T17:27:51 IST" name="tearDown" finished-at="2024-09-04T17:27:54 IST" duration-ms="3189" status="PASS">
          <reporter-output>
          </reporter-output>
        </test-method> <!-- tearDown -->
        <test-method is-config="true" signature="setUp()[pri:0, instance:allPages.ViewUser@37f1104d]" started-at="2024-09-04T17:27:54 IST" name="setUp" finished-at="2024-09-04T17:27:56 IST" duration-ms="2194" status="PASS">
          <reporter-output>
          </reporter-output>
        </test-method> <!-- setUp -->
        <test-method is-config="true" signature="launch()[pri:0, instance:allPages.ViewUser@37f1104d]" started-at="2024-09-04T17:27:54 IST" name="launch" finished-at="2024-09-04T17:27:54 IST" duration-ms="0" status="PASS">
          <reporter-output>
          </reporter-output>
        </test-method> <!-- launch -->
        <test-method signature="TC01()[pri:2, instance:allPages.ViewUser@37f1104d]" started-at="2024-09-04T17:27:56 IST" name="TC01" finished-at="2024-09-04T17:28:05 IST" duration-ms="8473" status="PASS">
          <reporter-output>
          </reporter-output>
        </test-method> <!-- TC01 -->
        <test-method is-config="true" signature="tearDown()[pri:0, instance:allPages.ViewUser@37f1104d]" started-at="2024-09-04T17:28:05 IST" name="tearDown" finished-at="2024-09-04T17:28:08 IST" duration-ms="3159" status="PASS">
          <reporter-output>
          </reporter-output>
        </test-method> <!-- tearDown -->
        <test-method is-config="true" signature="launch()[pri:0, instance:allPages.ViewUser@37f1104d]" started-at="2024-09-04T17:28:08 IST" name="launch" finished-at="2024-09-04T17:28:08 IST" duration-ms="0" status="PASS">
          <reporter-output>
          </reporter-output>
        </test-method> <!-- launch -->
        <test-method is-config="true" signature="setUp()[pri:0, instance:allPages.ViewUser@37f1104d]" started-at="2024-09-04T17:28:08 IST" name="setUp" finished-at="2024-09-04T17:28:10 IST" duration-ms="2019" status="PASS">
          <reporter-output>
          </reporter-output>
        </test-method> <!-- setUp -->
        <test-method signature="TC02()[pri:3, instance:allPages.ViewUser@37f1104d]" started-at="2024-09-04T17:28:10 IST" name="TC02" finished-at="2024-09-04T17:28:16 IST" duration-ms="6541" status="PASS">
          <reporter-output>
          </reporter-output>
        </test-method> <!-- TC02 -->
        <test-method is-config="true" signature="tearDown()[pri:0, instance:allPages.ViewUser@37f1104d]" started-at="2024-09-04T17:28:16 IST" name="tearDown" finished-at="2024-09-04T17:28:20 IST" duration-ms="3542" status="PASS">
          <reporter-output>
          </reporter-output>
        </test-method> <!-- tearDown -->
        <test-method is-config="true" signature="setUp()[pri:0, instance:allPages.ViewUser@37f1104d]" started-at="2024-09-04T17:28:20 IST" name="setUp" finished-at="2024-09-04T17:28:22 IST" duration-ms="1900" status="PASS">
          <reporter-output>
          </reporter-output>
        </test-method> <!-- setUp -->
        <test-method is-config="true" signature="launch()[pri:0, instance:allPages.ViewUser@37f1104d]" started-at="2024-09-04T17:28:20 IST" name="launch" finished-at="2024-09-04T17:28:20 IST" duration-ms="0" status="PASS">
          <reporter-output>
          </reporter-output>
        </test-method> <!-- launch -->
        <test-method signature="TC03()[pri:4, instance:allPages.ViewUser@37f1104d]" started-at="2024-09-04T17:28:22 IST" name="TC03" finished-at="2024-09-04T17:28:28 IST" duration-ms="6371" status="PASS">
          <reporter-output>
          </reporter-output>
        </test-method> <!-- TC03 -->
        <test-method is-config="true" signature="tearDown()[pri:0, instance:allPages.ViewUser@37f1104d]" started-at="2024-09-04T17:28:28 IST" name="tearDown" finished-at="2024-09-04T17:28:31 IST" duration-ms="3199" status="PASS">
          <reporter-output>
          </reporter-output>
        </test-method> <!-- tearDown -->
        <test-method is-config="true" signature="launch()[pri:0, instance:allPages.ViewUser@37f1104d]" started-at="2024-09-04T17:28:31 IST" name="launch" finished-at="2024-09-04T17:28:31 IST" duration-ms="0" status="PASS">
          <reporter-output>
          </reporter-output>
        </test-method> <!-- launch -->
        <test-method is-config="true" signature="setUp()[pri:0, instance:allPages.ViewUser@37f1104d]" started-at="2024-09-04T17:28:31 IST" name="setUp" finished-at="2024-09-04T17:28:33 IST" duration-ms="1761" status="PASS">
          <reporter-output>
          </reporter-output>
        </test-method> <!-- setUp -->
        <test-method signature="TC04()[pri:5, instance:allPages.ViewUser@37f1104d]" started-at="2024-09-04T17:28:33 IST" name="TC04" finished-at="2024-09-04T17:28:41 IST" duration-ms="7955" status="PASS">
          <reporter-output>
          </reporter-output>
        </test-method> <!-- TC04 -->
        <test-method is-config="true" signature="tearDown()[pri:0, instance:allPages.ViewUser@37f1104d]" started-at="2024-09-04T17:28:41 IST" name="tearDown" finished-at="2024-09-04T17:28:44 IST" duration-ms="3281" status="PASS">
          <reporter-output>
          </reporter-output>
        </test-method> <!-- tearDown -->
        <test-method is-config="true" signature="launch()[pri:0, instance:allPages.ViewUser@37f1104d]" started-at="2024-09-04T17:28:44 IST" name="launch" finished-at="2024-09-04T17:28:44 IST" duration-ms="0" status="PASS">
          <reporter-output>
          </reporter-output>
        </test-method> <!-- launch -->
        <test-method is-config="true" signature="setUp()[pri:0, instance:allPages.ViewUser@37f1104d]" started-at="2024-09-04T17:28:44 IST" name="setUp" finished-at="2024-09-04T17:28:47 IST" duration-ms="2254" status="PASS">
          <reporter-output>
          </reporter-output>
        </test-method> <!-- setUp -->
        <test-method signature="TC05()[pri:6, instance:allPages.ViewUser@37f1104d]" started-at="2024-09-04T17:28:47 IST" name="TC05" finished-at="2024-09-04T17:29:06 IST" duration-ms="19748" status="PASS">
          <reporter-output>
          </reporter-output>
        </test-method> <!-- TC05 -->
        <test-method is-config="true" signature="tearDown()[pri:0, instance:allPages.ViewUser@37f1104d]" started-at="2024-09-04T17:29:06 IST" name="tearDown" finished-at="2024-09-04T17:29:10 IST" duration-ms="3318" status="PASS">
          <reporter-output>
          </reporter-output>
        </test-method> <!-- tearDown -->
        <test-method is-config="true" signature="launch()[pri:0, instance:allPages.ViewUser@37f1104d]" started-at="2024-09-04T17:29:10 IST" name="launch" finished-at="2024-09-04T17:29:10 IST" duration-ms="0" status="PASS">
          <reporter-output>
          </reporter-output>
        </test-method> <!-- launch -->
        <test-method is-config="true" signature="setUp()[pri:0, instance:allPages.ViewUser@37f1104d]" started-at="2024-09-04T17:29:10 IST" name="setUp" finished-at="2024-09-04T17:29:12 IST" duration-ms="2204" status="PASS">
          <reporter-output>
          </reporter-output>
        </test-method> <!-- setUp -->
        <test-method signature="TC06()[pri:7, instance:allPages.ViewUser@37f1104d]" started-at="2024-09-04T17:29:12 IST" name="TC06" finished-at="2024-09-04T17:29:32 IST" duration-ms="20694" status="PASS">
          <reporter-output>
          </reporter-output>
        </test-method> <!-- TC06 -->
        <test-method is-config="true" signature="tearDown()[pri:0, instance:allPages.ViewUser@37f1104d]" started-at="2024-09-04T17:29:32 IST" name="tearDown" finished-at="2024-09-04T17:29:36 IST" duration-ms="3303" status="PASS">
          <reporter-output>
          </reporter-output>
        </test-method> <!-- tearDown -->
        <test-method is-config="true" signature="launch()[pri:0, instance:allPages.ViewUser@37f1104d]" started-at="2024-09-04T17:29:36 IST" name="launch" finished-at="2024-09-04T17:29:36 IST" duration-ms="0" status="PASS">
          <reporter-output>
          </reporter-output>
        </test-method> <!-- launch -->
        <test-method is-config="true" signature="setUp()[pri:0, instance:allPages.ViewUser@37f1104d]" started-at="2024-09-04T17:29:36 IST" name="setUp" finished-at="2024-09-04T17:29:38 IST" duration-ms="2400" status="PASS">
          <reporter-output>
          </reporter-output>
        </test-method> <!-- setUp -->
        <test-method signature="TC07()[pri:7, instance:allPages.ViewUser@37f1104d]" started-at="2024-09-04T17:29:38 IST" name="TC07" description="change the ele1 mail id" finished-at="2024-09-04T17:29:55 IST" duration-ms="16383" status="PASS">
          <reporter-output>
          </reporter-output>
        </test-method> <!-- TC07 -->
        <test-method is-config="true" signature="tearDown()[pri:0, instance:allPages.ViewUser@37f1104d]" started-at="2024-09-04T17:29:55 IST" name="tearDown" finished-at="2024-09-04T17:29:59 IST" duration-ms="3984" status="PASS">
          <reporter-output>
          </reporter-output>
        </test-method> <!-- tearDown -->
        <test-method is-config="true" signature="launch()[pri:0, instance:allPages.ViewUser@37f1104d]" started-at="2024-09-04T17:29:59 IST" name="launch" finished-at="2024-09-04T17:29:59 IST" duration-ms="0" status="PASS">
          <reporter-output>
          </reporter-output>
        </test-method> <!-- launch -->
        <test-method is-config="true" signature="setUp()[pri:0, instance:allPages.ViewUser@37f1104d]" started-at="2024-09-04T17:29:59 IST" name="setUp" finished-at="2024-09-04T17:30:01 IST" duration-ms="2899" status="PASS">
          <reporter-output>
          </reporter-output>
        </test-method> <!-- setUp -->
        <test-method signature="TC08()[pri:8, instance:allPages.ViewUser@37f1104d]" started-at="2024-09-04T17:30:01 IST" name="TC08" description="change the ele1 mail id" finished-at="2024-09-04T17:30:19 IST" duration-ms="17046" status="FAIL">
          <exception class="org.openqa.selenium.ElementClickInterceptedException">
            <message>
              <![CDATA[element click intercepted: Element <button title="Clcik here to update Email" class="btn btn-primary">...</button> is not clickable at point (1043, 433). Other element would receive the click: <div tabindex="-1" class="ant-modal-wrap">...</div>
  (Session info: chrome=128.0.6613.114)
Build info: version: '4.18.1', revision: 'b1d3319b48'
System info: os.name: 'Windows 11', os.arch: 'amd64', os.version: '10.0', java.version: '21.0.2'
Driver info: org.openqa.selenium.chrome.ChromeDriver
Command: [497c343069230ce0d9aae4548955fa31, clickElement {id=f.CA497DB87672F9F6FA9D7C37ABBCBADA.d.66E62A7AF5E88C5941A457F08627FB3A.e.166}]
Capabilities {acceptInsecureCerts: false, browserName: chrome, browserVersion: 128.0.6613.114, chrome: {chromedriverVersion: 128.0.6613.119 (6e439cfca4d..., userDataDir: C:\Users\THIRUM~1\AppData\L...}, fedcm:accounts: true, goog:chromeOptions: {debuggerAddress: localhost:49271}, networkConnectionEnabled: false, pageLoadStrategy: normal, platformName: windows, proxy: Proxy(), se:cdp: ws://localhost:49271/devtoo..., se:cdpVersion: 128.0.6613.114, setWindowRect: true, strictFileInteractability: false, timeouts: {implicit: 0, pageLoad: 300000, script: 30000}, unhandledPromptBehavior: dismiss and notify, webauthn:extension:credBlob: true, webauthn:extension:largeBlob: true, webauthn:extension:minPinLength: true, webauthn:extension:prf: true, webauthn:virtualAuthenticators: true}
Element: [[ChromeDriver: chrome on windows (497c343069230ce0d9aae4548955fa31)] -> xpath: //button[text()='Update']]
Session ID: 497c343069230ce0d9aae4548955fa31]]>
            </message>
            <full-stacktrace>
              <![CDATA[org.openqa.selenium.ElementClickInterceptedException: element click intercepted: Element <button title="Clcik here to update Email" class="btn btn-primary">...</button> is not clickable at point (1043, 433). Other element would receive the click: <div tabindex="-1" class="ant-modal-wrap">...</div>
  (Session info: chrome=128.0.6613.114)
Build info: version: '4.18.1', revision: 'b1d3319b48'
System info: os.name: 'Windows 11', os.arch: 'amd64', os.version: '10.0', java.version: '21.0.2'
Driver info: org.openqa.selenium.chrome.ChromeDriver
Command: [497c343069230ce0d9aae4548955fa31, clickElement {id=f.CA497DB87672F9F6FA9D7C37ABBCBADA.d.66E62A7AF5E88C5941A457F08627FB3A.e.166}]
Capabilities {acceptInsecureCerts: false, browserName: chrome, browserVersion: 128.0.6613.114, chrome: {chromedriverVersion: 128.0.6613.119 (6e439cfca4d..., userDataDir: C:\Users\THIRUM~1\AppData\L...}, fedcm:accounts: true, goog:chromeOptions: {debuggerAddress: localhost:49271}, networkConnectionEnabled: false, pageLoadStrategy: normal, platformName: windows, proxy: Proxy(), se:cdp: ws://localhost:49271/devtoo..., se:cdpVersion: 128.0.6613.114, setWindowRect: true, strictFileInteractability: false, timeouts: {implicit: 0, pageLoad: 300000, script: 30000}, unhandledPromptBehavior: dismiss and notify, webauthn:extension:credBlob: true, webauthn:extension:largeBlob: true, webauthn:extension:minPinLength: true, webauthn:extension:prf: true, webauthn:virtualAuthenticators: true}
Element: [[ChromeDriver: chrome on windows (497c343069230ce0d9aae4548955fa31)] -> xpath: //button[text()='Update']]
Session ID: 497c343069230ce0d9aae4548955fa31
at java.base/jdk.internal.reflect.DirectConstructorHandleAccessor.newInstance(DirectConstructorHandleAccessor.java:62)
at java.base/java.lang.reflect.Constructor.newInstanceWithCaller(Constructor.java:502)
at java.base/java.lang.reflect.Constructor.newInstance(Constructor.java:486)
at org.openqa.selenium.remote.ErrorCodec.decode(ErrorCodec.java:167)
at org.openqa.selenium.remote.codec.w3c.W3CHttpResponseCodec.decode(W3CHttpResponseCodec.java:138)
at org.openqa.selenium.remote.codec.w3c.W3CHttpResponseCodec.decode(W3CHttpResponseCodec.java:50)
at org.openqa.selenium.remote.HttpCommandExecutor.execute(HttpCommandExecutor.java:190)
at org.openqa.selenium.remote.service.DriverCommandExecutor.invokeExecute(DriverCommandExecutor.java:216)
at org.openqa.selenium.remote.service.DriverCommandExecutor.execute(DriverCommandExecutor.java:174)
at org.openqa.selenium.remote.RemoteWebDriver.execute(RemoteWebDriver.java:519)
at org.openqa.selenium.remote.RemoteWebElement.execute(RemoteWebElement.java:223)
at org.openqa.selenium.remote.RemoteWebElement.click(RemoteWebElement.java:76)
at allPages.ViewUser.TC08(ViewUser.java:347)
at java.base/jdk.internal.reflect.DirectMethodHandleAccessor.invoke(DirectMethodHandleAccessor.java:103)
at java.base/java.lang.reflect.Method.invoke(Method.java:580)
at org.testng.internal.invokers.MethodInvocationHelper.invokeMethod(MethodInvocationHelper.java:139)
at org.testng.internal.invokers.TestInvoker.invokeMethod(TestInvoker.java:664)
at org.testng.internal.invokers.TestInvoker.invokeTestMethod(TestInvoker.java:228)
at org.testng.internal.invokers.MethodRunner.runInSequence(MethodRunner.java:63)
at org.testng.internal.invokers.TestInvoker$MethodInvocationAgent.invoke(TestInvoker.java:961)
at org.testng.internal.invokers.TestInvoker.invokeTestMethods(TestInvoker.java:201)
at org.testng.internal.invokers.TestMethodWorker.invokeTestMethods(TestMethodWorker.java:148)
at org.testng.internal.invokers.TestMethodWorker.run(TestMethodWorker.java:128)
at java.base/java.util.ArrayList.forEach(ArrayList.java:1596)
at org.testng.TestRunner.privateRun(TestRunner.java:819)
at org.testng.TestRunner.run(TestRunner.java:619)
at org.testng.SuiteRunner.runTest(SuiteRunner.java:443)
at org.testng.SuiteRunner.runSequentially(SuiteRunner.java:437)
at org.testng.SuiteRunner.privateRun(SuiteRunner.java:397)
at org.testng.SuiteRunner.run(SuiteRunner.java:336)
at org.testng.SuiteRunnerWorker.runSuite(SuiteRunnerWorker.java:52)
at org.testng.SuiteRunnerWorker.run(SuiteRunnerWorker.java:95)
at org.testng.TestNG.runSuitesSequentially(TestNG.java:1301)
at org.testng.TestNG.runSuitesLocally(TestNG.java:1228)
at org.testng.TestNG.runSuites(TestNG.java:1134)
at org.testng.TestNG.run(TestNG.java:1101)
at org.testng.remote.AbstractRemoteTestNG.run(AbstractRemoteTestNG.java:115)
at org.testng.remote.RemoteTestNG.initAndRun(RemoteTestNG.java:251)
at org.testng.remote.RemoteTestNG.main(RemoteTestNG.java:77)
]]>
            </full-stacktrace>
          </exception> <!-- org.openqa.selenium.ElementClickInterceptedException -->
          <reporter-output>
          </reporter-output>
        </test-method> <!-- TC08 -->
        <test-method is-config="true" signature="tearDown()[pri:0, instance:allPages.ViewUser@37f1104d]" started-at="2024-09-04T17:30:19 IST" name="tearDown" finished-at="2024-09-04T17:30:22 IST" duration-ms="3868" status="PASS">
          <reporter-output>
          </reporter-output>
        </test-method> <!-- tearDown -->
        <test-method is-config="true" signature="setUp()[pri:0, instance:allPages.ViewUser@37f1104d]" started-at="2024-09-04T17:30:22 IST" name="setUp" finished-at="2024-09-04T17:30:24 IST" duration-ms="1650" status="PASS">
          <reporter-output>
          </reporter-output>
        </test-method> <!-- setUp -->
        <test-method is-config="true" signature="launch()[pri:0, instance:allPages.ViewUser@37f1104d]" started-at="2024-09-04T17:30:22 IST" name="launch" finished-at="2024-09-04T17:30:22 IST" duration-ms="0" status="PASS">
          <reporter-output>
          </reporter-output>
        </test-method> <!-- launch -->
        <test-method signature="TC09()[pri:9, instance:allPages.ViewUser@37f1104d]" started-at="2024-09-04T17:30:24 IST" name="TC09" finished-at="2024-09-04T17:30:25 IST" duration-ms="537" status="PASS">
          <reporter-output>
          </reporter-output>
        </test-method> <!-- TC09 -->
        <test-method is-config="true" signature="tearDown()[pri:0, instance:allPages.ViewUser@37f1104d]" started-at="2024-09-04T17:30:25 IST" name="tearDown" finished-at="2024-09-04T17:30:28 IST" duration-ms="3154" status="PASS">
          <reporter-output>
          </reporter-output>
        </test-method> <!-- tearDown -->
        <test-method is-config="true" signature="launch()[pri:0, instance:allPages.ViewUser@37f1104d]" started-at="2024-09-04T17:30:28 IST" name="launch" finished-at="2024-09-04T17:30:28 IST" duration-ms="0" status="PASS">
          <reporter-output>
          </reporter-output>
        </test-method> <!-- launch -->
        <test-method is-config="true" signature="setUp()[pri:0, instance:allPages.ViewUser@37f1104d]" started-at="2024-09-04T17:30:28 IST" name="setUp" finished-at="2024-09-04T17:30:30 IST" duration-ms="1940" status="PASS">
          <reporter-output>
          </reporter-output>
        </test-method> <!-- setUp -->
        <test-method signature="TC10()[pri:10, instance:allPages.ViewUser@37f1104d]" started-at="2024-09-04T17:30:30 IST" name="TC10" finished-at="2024-09-04T17:30:39 IST" duration-ms="9617" status="PASS">
          <reporter-output>
          </reporter-output>
        </test-method> <!-- TC10 -->
        <test-method is-config="true" signature="tearDown()[pri:0, instance:allPages.ViewUser@37f1104d]" started-at="2024-09-04T17:30:39 IST" name="tearDown" finished-at="2024-09-04T17:30:42 IST" duration-ms="3157" status="PASS">
          <reporter-output>
          </reporter-output>
        </test-method> <!-- tearDown -->
        <test-method is-config="true" signature="launch()[pri:0, instance:allPages.ViewUser@37f1104d]" started-at="2024-09-04T17:30:42 IST" name="launch" finished-at="2024-09-04T17:30:42 IST" duration-ms="0" status="PASS">
          <reporter-output>
          </reporter-output>
        </test-method> <!-- launch -->
        <test-method is-config="true" signature="setUp()[pri:0, instance:allPages.ViewUser@37f1104d]" started-at="2024-09-04T17:30:42 IST" name="setUp" finished-at="2024-09-04T17:30:44 IST" duration-ms="2000" status="PASS">
          <reporter-output>
          </reporter-output>
        </test-method> <!-- setUp -->
        <test-method signature="TC11()[pri:11, instance:allPages.ViewUser@37f1104d]" started-at="2024-09-04T17:30:44 IST" name="TC11" finished-at="2024-09-04T17:30:54 IST" duration-ms="9817" status="PASS">
          <reporter-output>
          </reporter-output>
        </test-method> <!-- TC11 -->
        <test-method is-config="true" signature="tearDown()[pri:0, instance:allPages.ViewUser@37f1104d]" started-at="2024-09-04T17:30:54 IST" name="tearDown" finished-at="2024-09-04T17:30:57 IST" duration-ms="3209" status="PASS">
          <reporter-output>
          </reporter-output>
        </test-method> <!-- tearDown -->
        <test-method is-config="true" signature="launch()[pri:0, instance:allPages.ViewUser@37f1104d]" started-at="2024-09-04T17:30:57 IST" name="launch" finished-at="2024-09-04T17:30:57 IST" duration-ms="0" status="PASS">
          <reporter-output>
          </reporter-output>
        </test-method> <!-- launch -->
        <test-method is-config="true" signature="setUp()[pri:0, instance:allPages.ViewUser@37f1104d]" started-at="2024-09-04T17:30:57 IST" name="setUp" finished-at="2024-09-04T17:30:59 IST" duration-ms="1963" status="PASS">
          <reporter-output>
          </reporter-output>
        </test-method> <!-- setUp -->
        <test-method signature="TC12()[pri:12, instance:allPages.ViewUser@37f1104d]" started-at="2024-09-04T17:30:59 IST" name="TC12" finished-at="2024-09-04T17:31:00 IST" duration-ms="622" status="PASS">
          <reporter-output>
          </reporter-output>
        </test-method> <!-- TC12 -->
        <test-method is-config="true" signature="tearDown()[pri:0, instance:allPages.ViewUser@37f1104d]" started-at="2024-09-04T17:31:00 IST" name="tearDown" finished-at="2024-09-04T17:31:03 IST" duration-ms="3179" status="PASS">
          <reporter-output>
          </reporter-output>
        </test-method> <!-- tearDown -->
        <test-method is-config="true" signature="launch()[pri:0, instance:allPages.ViewUser@37f1104d]" started-at="2024-09-04T17:31:03 IST" name="launch" finished-at="2024-09-04T17:31:03 IST" duration-ms="0" status="PASS">
          <reporter-output>
          </reporter-output>
        </test-method> <!-- launch -->
        <test-method is-config="true" signature="setUp()[pri:0, instance:allPages.ViewUser@37f1104d]" started-at="2024-09-04T17:31:03 IST" name="setUp" finished-at="2024-09-04T17:31:05 IST" duration-ms="1785" status="PASS">
          <reporter-output>
          </reporter-output>
        </test-method> <!-- setUp -->
        <test-method signature="TC13()[pri:13, instance:allPages.ViewUser@37f1104d]" started-at="2024-09-04T17:31:05 IST" name="TC13" finished-at="2024-09-04T17:31:15 IST" duration-ms="10000" status="PASS">
          <reporter-output>
          </reporter-output>
        </test-method> <!-- TC13 -->
        <test-method is-config="true" signature="tearDown()[pri:0, instance:allPages.ViewUser@37f1104d]" started-at="2024-09-04T17:31:15 IST" name="tearDown" finished-at="2024-09-04T17:31:19 IST" duration-ms="4019" status="PASS">
          <reporter-output>
          </reporter-output>
        </test-method> <!-- tearDown -->
        <test-method is-config="true" signature="setUp()[pri:0, instance:allPages.ViewUser@37f1104d]" started-at="2024-09-04T17:31:19 IST" name="setUp" finished-at="2024-09-04T17:31:21 IST" duration-ms="2135" status="PASS">
          <reporter-output>
          </reporter-output>
        </test-method> <!-- setUp -->
        <test-method is-config="true" signature="launch()[pri:0, instance:allPages.ViewUser@37f1104d]" started-at="2024-09-04T17:31:19 IST" name="launch" finished-at="2024-09-04T17:31:19 IST" duration-ms="0" status="PASS">
          <reporter-output>
          </reporter-output>
        </test-method> <!-- launch -->
        <test-method signature="TC14()[pri:14, instance:allPages.ViewUser@37f1104d]" started-at="2024-09-04T17:31:21 IST" name="TC14" finished-at="2024-09-04T17:31:38 IST" duration-ms="17309" status="PASS">
          <reporter-output>
          </reporter-output>
        </test-method> <!-- TC14 -->
        <test-method is-config="true" signature="tearDown()[pri:0, instance:allPages.ViewUser@37f1104d]" started-at="2024-09-04T17:31:38 IST" name="tearDown" finished-at="2024-09-04T17:31:42 IST" duration-ms="3280" status="PASS">
          <reporter-output>
          </reporter-output>
        </test-method> <!-- tearDown -->
        <test-method is-config="true" signature="setUp()[pri:0, instance:allPages.ViewUser@37f1104d]" started-at="2024-09-04T17:31:42 IST" name="setUp" finished-at="2024-09-04T17:31:44 IST" duration-ms="2391" status="PASS">
          <reporter-output>
          </reporter-output>
        </test-method> <!-- setUp -->
        <test-method is-config="true" signature="launch()[pri:0, instance:allPages.ViewUser@37f1104d]" started-at="2024-09-04T17:31:42 IST" name="launch" finished-at="2024-09-04T17:31:42 IST" duration-ms="0" status="PASS">
          <reporter-output>
          </reporter-output>
        </test-method> <!-- launch -->
        <test-method signature="TC15()[pri:15, instance:allPages.ViewUser@37f1104d]" started-at="2024-09-04T17:31:44 IST" name="TC15" finished-at="2024-09-04T17:31:47 IST" duration-ms="2701" status="PASS">
          <reporter-output>
          </reporter-output>
        </test-method> <!-- TC15 -->
        <test-method is-config="true" signature="tearDown()[pri:0, instance:allPages.ViewUser@37f1104d]" started-at="2024-09-04T17:31:47 IST" name="tearDown" finished-at="2024-09-04T17:31:50 IST" duration-ms="3202" status="PASS">
          <reporter-output>
          </reporter-output>
        </test-method> <!-- tearDown -->
        <test-method is-config="true" signature="launch()[pri:0, instance:allPages.ViewUser@37f1104d]" started-at="2024-09-04T17:31:50 IST" name="launch" finished-at="2024-09-04T17:31:50 IST" duration-ms="0" status="PASS">
          <reporter-output>
          </reporter-output>
        </test-method> <!-- launch -->
        <test-method is-config="true" signature="setUp()[pri:0, instance:allPages.ViewUser@37f1104d]" started-at="2024-09-04T17:31:50 IST" name="setUp" finished-at="2024-09-04T17:31:52 IST" duration-ms="1979" status="PASS">
          <reporter-output>
          </reporter-output>
        </test-method> <!-- setUp -->
        <test-method signature="TC16()[pri:16, instance:allPages.ViewUser@37f1104d]" started-at="2024-09-04T17:31:52 IST" name="TC16" finished-at="2024-09-04T17:32:03 IST" duration-ms="11220" status="PASS">
          <reporter-output>
          </reporter-output>
        </test-method> <!-- TC16 -->
        <test-method is-config="true" signature="tearDown()[pri:0, instance:allPages.ViewUser@37f1104d]" started-at="2024-09-04T17:32:03 IST" name="tearDown" finished-at="2024-09-04T17:32:07 IST" duration-ms="3385" status="PASS">
          <reporter-output>
          </reporter-output>
        </test-method> <!-- tearDown -->
        <test-method is-config="true" signature="launch()[pri:0, instance:allPages.ViewUser@37f1104d]" started-at="2024-09-04T17:32:07 IST" name="launch" finished-at="2024-09-04T17:32:07 IST" duration-ms="0" status="PASS">
          <reporter-output>
          </reporter-output>
        </test-method> <!-- launch -->
        <test-method is-config="true" signature="setUp()[pri:0, instance:allPages.ViewUser@37f1104d]" started-at="2024-09-04T17:32:07 IST" name="setUp" finished-at="2024-09-04T17:32:10 IST" duration-ms="3069" status="PASS">
          <reporter-output>
          </reporter-output>
        </test-method> <!-- setUp -->
        <test-method signature="TC17()[pri:17, instance:allPages.ViewUser@37f1104d]" started-at="2024-09-04T17:32:10 IST" name="TC17" finished-at="2024-09-04T17:32:23 IST" duration-ms="13747" status="PASS">
          <reporter-output>
          </reporter-output>
        </test-method> <!-- TC17 -->
        <test-method is-config="true" signature="tearDown()[pri:0, instance:allPages.ViewUser@37f1104d]" started-at="2024-09-04T17:32:23 IST" name="tearDown" finished-at="2024-09-04T17:32:29 IST" duration-ms="5029" status="PASS">
          <reporter-output>
          </reporter-output>
        </test-method> <!-- tearDown -->
        <test-method is-config="true" signature="launch()[pri:0, instance:allPages.ViewUser@37f1104d]" started-at="2024-09-04T17:32:29 IST" name="launch" finished-at="2024-09-04T17:32:29 IST" duration-ms="0" status="PASS">
          <reporter-output>
          </reporter-output>
        </test-method> <!-- launch -->
        <test-method is-config="true" signature="setUp()[pri:0, instance:allPages.ViewUser@37f1104d]" started-at="2024-09-04T17:32:29 IST" name="setUp" finished-at="2024-09-04T17:32:31 IST" duration-ms="2385" status="PASS">
          <reporter-output>
          </reporter-output>
        </test-method> <!-- setUp -->
        <test-method signature="TC18()[pri:18, instance:allPages.ViewUser@37f1104d]" started-at="2024-09-04T17:32:31 IST" name="TC18" finished-at="2024-09-04T17:32:55 IST" duration-ms="23678" status="PASS">
          <reporter-output>
          </reporter-output>
        </test-method> <!-- TC18 -->
        <test-method is-config="true" signature="tearDown()[pri:0, instance:allPages.ViewUser@37f1104d]" started-at="2024-09-04T17:32:55 IST" name="tearDown" finished-at="2024-09-04T17:32:58 IST" duration-ms="3574" status="PASS">
          <reporter-output>
          </reporter-output>
        </test-method> <!-- tearDown -->
        <test-method is-config="true" signature="launch()[pri:0, instance:allPages.ViewUser@37f1104d]" started-at="2024-09-04T17:32:58 IST" name="launch" finished-at="2024-09-04T17:32:58 IST" duration-ms="1" status="PASS">
          <reporter-output>
          </reporter-output>
        </test-method> <!-- launch -->
        <test-method is-config="true" signature="setUp()[pri:0, instance:allPages.ViewUser@37f1104d]" started-at="2024-09-04T17:32:58 IST" name="setUp" finished-at="2024-09-04T17:33:01 IST" duration-ms="3038" status="PASS">
          <reporter-output>
          </reporter-output>
        </test-method> <!-- setUp -->
        <test-method signature="TC19()[pri:19, instance:allPages.ViewUser@37f1104d]" started-at="2024-09-04T17:33:01 IST" name="TC19" finished-at="2024-09-04T17:33:37 IST" duration-ms="36216" status="PASS">
          <reporter-output>
          </reporter-output>
        </test-method> <!-- TC19 -->
        <test-method is-config="true" signature="tearDown()[pri:0, instance:allPages.ViewUser@37f1104d]" started-at="2024-09-04T17:33:37 IST" name="tearDown" finished-at="2024-09-04T17:33:41 IST" duration-ms="3230" status="PASS">
          <reporter-output>
          </reporter-output>
        </test-method> <!-- tearDown -->
        <test-method is-config="true" signature="launch()[pri:0, instance:allPages.ViewUser@37f1104d]" started-at="2024-09-04T17:33:41 IST" name="launch" finished-at="2024-09-04T17:33:41 IST" duration-ms="0" status="PASS">
          <reporter-output>
          </reporter-output>
        </test-method> <!-- launch -->
        <test-method is-config="true" signature="setUp()[pri:0, instance:allPages.ViewUser@37f1104d]" started-at="2024-09-04T17:33:41 IST" name="setUp" finished-at="2024-09-04T17:33:43 IST" duration-ms="2257" status="PASS">
          <reporter-output>
          </reporter-output>
        </test-method> <!-- setUp -->
        <test-method signature="TC20()[pri:20, instance:allPages.ViewUser@37f1104d]" started-at="2024-09-04T17:33:43 IST" name="TC20" finished-at="2024-09-04T17:33:55 IST" duration-ms="12540" status="PASS">
          <reporter-output>
          </reporter-output>
        </test-method> <!-- TC20 -->
        <test-method is-config="true" signature="tearDown()[pri:0, instance:allPages.ViewUser@37f1104d]" started-at="2024-09-04T17:33:55 IST" name="tearDown" finished-at="2024-09-04T17:33:59 IST" duration-ms="3208" status="PASS">
          <reporter-output>
          </reporter-output>
        </test-method> <!-- tearDown -->
        <test-method is-config="true" signature="launch()[pri:0, instance:allPages.ViewUser@37f1104d]" started-at="2024-09-04T17:33:59 IST" name="launch" finished-at="2024-09-04T17:33:59 IST" duration-ms="0" status="PASS">
          <reporter-output>
          </reporter-output>
        </test-method> <!-- launch -->
        <test-method is-config="true" signature="setUp()[pri:0, instance:allPages.ViewUser@37f1104d]" started-at="2024-09-04T17:33:59 IST" name="setUp" finished-at="2024-09-04T17:34:01 IST" duration-ms="2242" status="PASS">
          <reporter-output>
          </reporter-output>
        </test-method> <!-- setUp -->
        <test-method signature="TC21()[pri:21, instance:allPages.ViewUser@37f1104d]" started-at="2024-09-04T17:34:01 IST" name="TC21" finished-at="2024-09-04T17:34:15 IST" duration-ms="14090" status="PASS">
          <reporter-output>
          </reporter-output>
        </test-method> <!-- TC21 -->
        <test-method is-config="true" signature="tearDown()[pri:0, instance:allPages.ViewUser@37f1104d]" started-at="2024-09-04T17:34:15 IST" name="tearDown" finished-at="2024-09-04T17:34:19 IST" duration-ms="3924" status="PASS">
          <reporter-output>
          </reporter-output>
        </test-method> <!-- tearDown -->
        <test-method is-config="true" signature="launch()[pri:0, instance:allPages.ViewUser@37f1104d]" started-at="2024-09-04T17:34:19 IST" name="launch" finished-at="2024-09-04T17:34:19 IST" duration-ms="1" status="PASS">
          <reporter-output>
          </reporter-output>
        </test-method> <!-- launch -->
        <test-method is-config="true" signature="setUp()[pri:0, instance:allPages.ViewUser@37f1104d]" started-at="2024-09-04T17:34:19 IST" name="setUp" finished-at="2024-09-04T17:34:21 IST" duration-ms="2420" status="PASS">
          <reporter-output>
          </reporter-output>
        </test-method> <!-- setUp -->
        <test-method signature="TC22()[pri:22, instance:allPages.ViewUser@37f1104d]" started-at="2024-09-04T17:34:21 IST" name="TC22" finished-at="2024-09-04T17:34:32 IST" duration-ms="10624" status="FAIL">
          <exception class="org.openqa.selenium.ElementClickInterceptedException">
            <message>
              <![CDATA[element click intercepted: Element <button type="button" aria-label="Close" class="ant-modal-close">...</button> is not clickable at point (1428, 218). Other element would receive the click: <div tabindex="-1" class="ant-modal-wrap">...</div>
  (Session info: chrome=128.0.6613.114)
Build info: version: '4.18.1', revision: 'b1d3319b48'
System info: os.name: 'Windows 11', os.arch: 'amd64', os.version: '10.0', java.version: '21.0.2'
Driver info: org.openqa.selenium.chrome.ChromeDriver
Command: [557b6ba3c4ce122a554713e787f0337c, clickElement {id=f.AC17A35C06FF76BF3A86E1ACE3F75D3A.d.CF5D0DAC49154C88D9B6D969794FEB3F.e.141}]
Capabilities {acceptInsecureCerts: false, browserName: chrome, browserVersion: 128.0.6613.114, chrome: {chromedriverVersion: 128.0.6613.119 (6e439cfca4d..., userDataDir: C:\Users\THIRUM~1\AppData\L...}, fedcm:accounts: true, goog:chromeOptions: {debuggerAddress: localhost:53463}, networkConnectionEnabled: false, pageLoadStrategy: normal, platformName: windows, proxy: Proxy(), se:cdp: ws://localhost:53463/devtoo..., se:cdpVersion: 128.0.6613.114, setWindowRect: true, strictFileInteractability: false, timeouts: {implicit: 0, pageLoad: 300000, script: 30000}, unhandledPromptBehavior: dismiss and notify, webauthn:extension:credBlob: true, webauthn:extension:largeBlob: true, webauthn:extension:minPinLength: true, webauthn:extension:prf: true, webauthn:virtualAuthenticators: true}
Element: [[ChromeDriver: chrome on windows (557b6ba3c4ce122a554713e787f0337c)] -> xpath: /html/body/div[4]/div/div[2]/div/div[2]/div/button]
Session ID: 557b6ba3c4ce122a554713e787f0337c]]>
            </message>
            <full-stacktrace>
              <![CDATA[org.openqa.selenium.ElementClickInterceptedException: element click intercepted: Element <button type="button" aria-label="Close" class="ant-modal-close">...</button> is not clickable at point (1428, 218). Other element would receive the click: <div tabindex="-1" class="ant-modal-wrap">...</div>
  (Session info: chrome=128.0.6613.114)
Build info: version: '4.18.1', revision: 'b1d3319b48'
System info: os.name: 'Windows 11', os.arch: 'amd64', os.version: '10.0', java.version: '21.0.2'
Driver info: org.openqa.selenium.chrome.ChromeDriver
Command: [557b6ba3c4ce122a554713e787f0337c, clickElement {id=f.AC17A35C06FF76BF3A86E1ACE3F75D3A.d.CF5D0DAC49154C88D9B6D969794FEB3F.e.141}]
Capabilities {acceptInsecureCerts: false, browserName: chrome, browserVersion: 128.0.6613.114, chrome: {chromedriverVersion: 128.0.6613.119 (6e439cfca4d..., userDataDir: C:\Users\THIRUM~1\AppData\L...}, fedcm:accounts: true, goog:chromeOptions: {debuggerAddress: localhost:53463}, networkConnectionEnabled: false, pageLoadStrategy: normal, platformName: windows, proxy: Proxy(), se:cdp: ws://localhost:53463/devtoo..., se:cdpVersion: 128.0.6613.114, setWindowRect: true, strictFileInteractability: false, timeouts: {implicit: 0, pageLoad: 300000, script: 30000}, unhandledPromptBehavior: dismiss and notify, webauthn:extension:credBlob: true, webauthn:extension:largeBlob: true, webauthn:extension:minPinLength: true, webauthn:extension:prf: true, webauthn:virtualAuthenticators: true}
Element: [[ChromeDriver: chrome on windows (557b6ba3c4ce122a554713e787f0337c)] -> xpath: /html/body/div[4]/div/div[2]/div/div[2]/div/button]
Session ID: 557b6ba3c4ce122a554713e787f0337c
at java.base/jdk.internal.reflect.DirectConstructorHandleAccessor.newInstance(DirectConstructorHandleAccessor.java:62)
at java.base/java.lang.reflect.Constructor.newInstanceWithCaller(Constructor.java:502)
at java.base/java.lang.reflect.Constructor.newInstance(Constructor.java:486)
at org.openqa.selenium.remote.ErrorCodec.decode(ErrorCodec.java:167)
at org.openqa.selenium.remote.codec.w3c.W3CHttpResponseCodec.decode(W3CHttpResponseCodec.java:138)
at org.openqa.selenium.remote.codec.w3c.W3CHttpResponseCodec.decode(W3CHttpResponseCodec.java:50)
at org.openqa.selenium.remote.HttpCommandExecutor.execute(HttpCommandExecutor.java:190)
at org.openqa.selenium.remote.service.DriverCommandExecutor.invokeExecute(DriverCommandExecutor.java:216)
at org.openqa.selenium.remote.service.DriverCommandExecutor.execute(DriverCommandExecutor.java:174)
at org.openqa.selenium.remote.RemoteWebDriver.execute(RemoteWebDriver.java:519)
at org.openqa.selenium.remote.RemoteWebElement.execute(RemoteWebElement.java:223)
at org.openqa.selenium.remote.RemoteWebElement.click(RemoteWebElement.java:76)
at allPages.ViewUser.TC22(ViewUser.java:640)
at java.base/jdk.internal.reflect.DirectMethodHandleAccessor.invoke(DirectMethodHandleAccessor.java:103)
at java.base/java.lang.reflect.Method.invoke(Method.java:580)
at org.testng.internal.invokers.MethodInvocationHelper.invokeMethod(MethodInvocationHelper.java:139)
at org.testng.internal.invokers.TestInvoker.invokeMethod(TestInvoker.java:664)
at org.testng.internal.invokers.TestInvoker.invokeTestMethod(TestInvoker.java:228)
at org.testng.internal.invokers.MethodRunner.runInSequence(MethodRunner.java:63)
at org.testng.internal.invokers.TestInvoker$MethodInvocationAgent.invoke(TestInvoker.java:961)
at org.testng.internal.invokers.TestInvoker.invokeTestMethods(TestInvoker.java:201)
at org.testng.internal.invokers.TestMethodWorker.invokeTestMethods(TestMethodWorker.java:148)
at org.testng.internal.invokers.TestMethodWorker.run(TestMethodWorker.java:128)
at java.base/java.util.ArrayList.forEach(ArrayList.java:1596)
at org.testng.TestRunner.privateRun(TestRunner.java:819)
at org.testng.TestRunner.run(TestRunner.java:619)
at org.testng.SuiteRunner.runTest(SuiteRunner.java:443)
at org.testng.SuiteRunner.runSequentially(SuiteRunner.java:437)
at org.testng.SuiteRunner.privateRun(SuiteRunner.java:397)
at org.testng.SuiteRunner.run(SuiteRunner.java:336)
at org.testng.SuiteRunnerWorker.runSuite(SuiteRunnerWorker.java:52)
at org.testng.SuiteRunnerWorker.run(SuiteRunnerWorker.java:95)
at org.testng.TestNG.runSuitesSequentially(TestNG.java:1301)
at org.testng.TestNG.runSuitesLocally(TestNG.java:1228)
at org.testng.TestNG.runSuites(TestNG.java:1134)
at org.testng.TestNG.run(TestNG.java:1101)
at org.testng.remote.AbstractRemoteTestNG.run(AbstractRemoteTestNG.java:115)
at org.testng.remote.RemoteTestNG.initAndRun(RemoteTestNG.java:251)
at org.testng.remote.RemoteTestNG.main(RemoteTestNG.java:77)
]]>
            </full-stacktrace>
          </exception> <!-- org.openqa.selenium.ElementClickInterceptedException -->
          <reporter-output>
          </reporter-output>
        </test-method> <!-- TC22 -->
        <test-method is-config="true" signature="tearDown()[pri:0, instance:allPages.ViewUser@37f1104d]" started-at="2024-09-04T17:34:32 IST" name="tearDown" finished-at="2024-09-04T17:34:35 IST" duration-ms="3148" status="PASS">
          <reporter-output>
          </reporter-output>
        </test-method> <!-- tearDown -->
        <test-method is-config="true" signature="setUp()[pri:0, instance:allPages.ViewUser@37f1104d]" started-at="2024-09-04T17:34:35 IST" name="setUp" finished-at="2024-09-04T17:34:37 IST" duration-ms="1855" status="PASS">
          <reporter-output>
          </reporter-output>
        </test-method> <!-- setUp -->
        <test-method is-config="true" signature="launch()[pri:0, instance:allPages.ViewUser@37f1104d]" started-at="2024-09-04T17:34:35 IST" name="launch" finished-at="2024-09-04T17:34:35 IST" duration-ms="0" status="PASS">
          <reporter-output>
          </reporter-output>
        </test-method> <!-- launch -->
        <test-method signature="TC23()[pri:23, instance:allPages.ViewUser@37f1104d]" started-at="2024-09-04T17:34:37 IST" name="TC23" finished-at="2024-09-04T17:35:48 IST" duration-ms="71102" status="FAIL">
          <exception class="org.openqa.selenium.NoSuchElementException">
            <message>
              <![CDATA[no such element: Unable to locate element: {"method":"css selector","selector":"*[name='REP']"}
  (Session info: chrome=128.0.6613.114)
For documentation on this error, please visit: https://www.selenium.dev/documentation/webdriver/troubleshooting/errors#no-such-element-exception
Build info: version: '4.18.1', revision: 'b1d3319b48'
System info: os.name: 'Windows 11', os.arch: 'amd64', os.version: '10.0', java.version: '21.0.2'
Driver info: org.openqa.selenium.chrome.ChromeDriver
Command: [1c3a39eb5cf92a14b9ffe4ac586c4973, findElement {value=REP, using=name}]
Capabilities {acceptInsecureCerts: false, browserName: chrome, browserVersion: 128.0.6613.114, chrome: {chromedriverVersion: 128.0.6613.119 (6e439cfca4d..., userDataDir: C:\Users\THIRUM~1\AppData\L...}, fedcm:accounts: true, goog:chromeOptions: {debuggerAddress: localhost:53789}, networkConnectionEnabled: false, pageLoadStrategy: normal, platformName: windows, proxy: Proxy(), se:cdp: ws://localhost:53789/devtoo..., se:cdpVersion: 128.0.6613.114, setWindowRect: true, strictFileInteractability: false, timeouts: {implicit: 0, pageLoad: 300000, script: 30000}, unhandledPromptBehavior: dismiss and notify, webauthn:extension:credBlob: true, webauthn:extension:largeBlob: true, webauthn:extension:minPinLength: true, webauthn:extension:prf: true, webauthn:virtualAuthenticators: true}
Session ID: 1c3a39eb5cf92a14b9ffe4ac586c4973]]>
            </message>
            <full-stacktrace>
              <![CDATA[org.openqa.selenium.NoSuchElementException: no such element: Unable to locate element: {"method":"css selector","selector":"*[name='REP']"}
  (Session info: chrome=128.0.6613.114)
For documentation on this error, please visit: https://www.selenium.dev/documentation/webdriver/troubleshooting/errors#no-such-element-exception
Build info: version: '4.18.1', revision: 'b1d3319b48'
System info: os.name: 'Windows 11', os.arch: 'amd64', os.version: '10.0', java.version: '21.0.2'
Driver info: org.openqa.selenium.chrome.ChromeDriver
Command: [1c3a39eb5cf92a14b9ffe4ac586c4973, findElement {value=REP, using=name}]
Capabilities {acceptInsecureCerts: false, browserName: chrome, browserVersion: 128.0.6613.114, chrome: {chromedriverVersion: 128.0.6613.119 (6e439cfca4d..., userDataDir: C:\Users\THIRUM~1\AppData\L...}, fedcm:accounts: true, goog:chromeOptions: {debuggerAddress: localhost:53789}, networkConnectionEnabled: false, pageLoadStrategy: normal, platformName: windows, proxy: Proxy(), se:cdp: ws://localhost:53789/devtoo..., se:cdpVersion: 128.0.6613.114, setWindowRect: true, strictFileInteractability: false, timeouts: {implicit: 0, pageLoad: 300000, script: 30000}, unhandledPromptBehavior: dismiss and notify, webauthn:extension:credBlob: true, webauthn:extension:largeBlob: true, webauthn:extension:minPinLength: true, webauthn:extension:prf: true, webauthn:virtualAuthenticators: true}
Session ID: 1c3a39eb5cf92a14b9ffe4ac586c4973
at java.base/jdk.internal.reflect.DirectConstructorHandleAccessor.newInstance(DirectConstructorHandleAccessor.java:62)
at java.base/java.lang.reflect.Constructor.newInstanceWithCaller(Constructor.java:502)
at java.base/java.lang.reflect.Constructor.newInstance(Constructor.java:486)
at org.openqa.selenium.remote.ErrorCodec.decode(ErrorCodec.java:167)
at org.openqa.selenium.remote.codec.w3c.W3CHttpResponseCodec.decode(W3CHttpResponseCodec.java:138)
at org.openqa.selenium.remote.codec.w3c.W3CHttpResponseCodec.decode(W3CHttpResponseCodec.java:50)
at org.openqa.selenium.remote.HttpCommandExecutor.execute(HttpCommandExecutor.java:190)
at org.openqa.selenium.remote.service.DriverCommandExecutor.invokeExecute(DriverCommandExecutor.java:216)
at org.openqa.selenium.remote.service.DriverCommandExecutor.execute(DriverCommandExecutor.java:174)
at org.openqa.selenium.remote.RemoteWebDriver.execute(RemoteWebDriver.java:519)
at org.openqa.selenium.remote.ElementLocation$ElementFinder$2.findElement(ElementLocation.java:165)
at org.openqa.selenium.remote.ElementLocation.findElement(ElementLocation.java:59)
at org.openqa.selenium.remote.RemoteWebDriver.findElement(RemoteWebDriver.java:356)
at org.openqa.selenium.remote.RemoteWebDriver.findElement(RemoteWebDriver.java:350)
at allPages.ViewUser.TC23(ViewUser.java:656)
at java.base/jdk.internal.reflect.DirectMethodHandleAccessor.invoke(DirectMethodHandleAccessor.java:103)
at java.base/java.lang.reflect.Method.invoke(Method.java:580)
at org.testng.internal.invokers.MethodInvocationHelper.invokeMethod(MethodInvocationHelper.java:139)
at org.testng.internal.invokers.TestInvoker.invokeMethod(TestInvoker.java:664)
at org.testng.internal.invokers.TestInvoker.invokeTestMethod(TestInvoker.java:228)
at org.testng.internal.invokers.MethodRunner.runInSequence(MethodRunner.java:63)
at org.testng.internal.invokers.TestInvoker$MethodInvocationAgent.invoke(TestInvoker.java:961)
at org.testng.internal.invokers.TestInvoker.invokeTestMethods(TestInvoker.java:201)
at org.testng.internal.invokers.TestMethodWorker.invokeTestMethods(TestMethodWorker.java:148)
at org.testng.internal.invokers.TestMethodWorker.run(TestMethodWorker.java:128)
at java.base/java.util.ArrayList.forEach(ArrayList.java:1596)
at org.testng.TestRunner.privateRun(TestRunner.java:819)
at org.testng.TestRunner.run(TestRunner.java:619)
at org.testng.SuiteRunner.runTest(SuiteRunner.java:443)
at org.testng.SuiteRunner.runSequentially(SuiteRunner.java:437)
at org.testng.SuiteRunner.privateRun(SuiteRunner.java:397)
at org.testng.SuiteRunner.run(SuiteRunner.java:336)
at org.testng.SuiteRunnerWorker.runSuite(SuiteRunnerWorker.java:52)
at org.testng.SuiteRunnerWorker.run(SuiteRunnerWorker.java:95)
at org.testng.TestNG.runSuitesSequentially(TestNG.java:1301)
at org.testng.TestNG.runSuitesLocally(TestNG.java:1228)
at org.testng.TestNG.runSuites(TestNG.java:1134)
at org.testng.TestNG.run(TestNG.java:1101)
at org.testng.remote.AbstractRemoteTestNG.run(AbstractRemoteTestNG.java:115)
at org.testng.remote.RemoteTestNG.initAndRun(RemoteTestNG.java:251)
at org.testng.remote.RemoteTestNG.main(RemoteTestNG.java:77)
]]>
            </full-stacktrace>
          </exception> <!-- org.openqa.selenium.NoSuchElementException -->
          <reporter-output>
          </reporter-output>
        </test-method> <!-- TC23 -->
        <test-method is-config="true" signature="tearDown()[pri:0, instance:allPages.ViewUser@37f1104d]" started-at="2024-09-04T17:35:48 IST" name="tearDown" finished-at="2024-09-04T17:35:51 IST" duration-ms="3154" status="PASS">
          <reporter-output>
          </reporter-output>
        </test-method> <!-- tearDown -->
        <test-method is-config="true" signature="setUp()[pri:0, instance:allPages.ViewUser@37f1104d]" started-at="2024-09-04T17:35:51 IST" name="setUp" finished-at="2024-09-04T17:35:53 IST" duration-ms="1422" status="PASS">
          <reporter-output>
          </reporter-output>
        </test-method> <!-- setUp -->
        <test-method is-config="true" signature="launch()[pri:0, instance:allPages.ViewUser@37f1104d]" started-at="2024-09-04T17:35:51 IST" name="launch" finished-at="2024-09-04T17:35:51 IST" duration-ms="0" status="PASS">
          <reporter-output>
          </reporter-output>
        </test-method> <!-- launch -->
        <test-method signature="TC24()[pri:24, instance:allPages.ViewUser@37f1104d]" started-at="2024-09-04T17:35:53 IST" name="TC24" finished-at="2024-09-04T17:36:12 IST" duration-ms="19208" status="PASS">
          <reporter-output>
          </reporter-output>
        </test-method> <!-- TC24 -->
        <test-method is-config="true" signature="tearDown()[pri:0, instance:allPages.ViewUser@37f1104d]" started-at="2024-09-04T17:36:12 IST" name="tearDown" finished-at="2024-09-04T17:36:15 IST" duration-ms="3435" status="PASS">
          <reporter-output>
          </reporter-output>
        </test-method> <!-- tearDown -->
        <test-method is-config="true" signature="launch()[pri:0, instance:allPages.ViewUser@37f1104d]" started-at="2024-09-04T17:36:15 IST" name="launch" finished-at="2024-09-04T17:36:15 IST" duration-ms="0" status="PASS">
          <reporter-output>
          </reporter-output>
        </test-method> <!-- launch -->
        <test-method is-config="true" signature="setUp()[pri:0, instance:allPages.ViewUser@37f1104d]" started-at="2024-09-04T17:36:15 IST" name="setUp" finished-at="2024-09-04T17:36:18 IST" duration-ms="2724" status="PASS">
          <reporter-output>
          </reporter-output>
        </test-method> <!-- setUp -->
        <test-method signature="TC25()[pri:25, instance:allPages.ViewUser@37f1104d]" started-at="2024-09-04T17:36:18 IST" name="TC25" finished-at="2024-09-04T17:36:32 IST" duration-ms="13790" status="PASS">
          <reporter-output>
          </reporter-output>
        </test-method> <!-- TC25 -->
        <test-method is-config="true" signature="tearDown()[pri:0, instance:allPages.ViewUser@37f1104d]" started-at="2024-09-04T17:36:32 IST" name="tearDown" finished-at="2024-09-04T17:36:36 IST" duration-ms="3863" status="PASS">
          <reporter-output>
          </reporter-output>
        </test-method> <!-- tearDown -->
        <test-method is-config="true" signature="launch()[pri:0, instance:allPages.ViewUser@37f1104d]" started-at="2024-09-04T17:36:36 IST" name="launch" finished-at="2024-09-04T17:36:36 IST" duration-ms="0" status="PASS">
          <reporter-output>
          </reporter-output>
        </test-method> <!-- launch -->
        <test-method is-config="true" signature="setUp()[pri:0, instance:allPages.ViewUser@37f1104d]" started-at="2024-09-04T17:36:36 IST" name="setUp" finished-at="2024-09-04T17:36:38 IST" duration-ms="1858" status="PASS">
          <reporter-output>
          </reporter-output>
        </test-method> <!-- setUp -->
        <test-method signature="TC26()[pri:26, instance:allPages.ViewUser@37f1104d]" started-at="2024-09-04T17:36:38 IST" name="TC26" finished-at="2024-09-04T17:36:53 IST" duration-ms="15409" status="PASS">
          <reporter-output>
          </reporter-output>
        </test-method> <!-- TC26 -->
        <test-method is-config="true" signature="tearDown()[pri:0, instance:allPages.ViewUser@37f1104d]" started-at="2024-09-04T17:36:53 IST" name="tearDown" finished-at="2024-09-04T17:36:56 IST" duration-ms="3224" status="PASS">
          <reporter-output>
          </reporter-output>
        </test-method> <!-- tearDown -->
        <test-method is-config="true" signature="setUp()[pri:0, instance:allPages.ViewUser@37f1104d]" started-at="2024-09-04T17:36:56 IST" name="setUp" finished-at="2024-09-04T17:36:58 IST" duration-ms="1754" status="PASS">
          <reporter-output>
          </reporter-output>
        </test-method> <!-- setUp -->
        <test-method is-config="true" signature="launch()[pri:0, instance:allPages.ViewUser@37f1104d]" started-at="2024-09-04T17:36:56 IST" name="launch" finished-at="2024-09-04T17:36:56 IST" duration-ms="0" status="PASS">
          <reporter-output>
          </reporter-output>
        </test-method> <!-- launch -->
        <test-method signature="TC27()[pri:27, instance:allPages.ViewUser@37f1104d]" started-at="2024-09-04T17:36:58 IST" name="TC27" finished-at="2024-09-04T17:37:13 IST" duration-ms="15248" status="PASS">
          <reporter-output>
          </reporter-output>
        </test-method> <!-- TC27 -->
        <test-method is-config="true" signature="tearDown()[pri:0, instance:allPages.ViewUser@37f1104d]" started-at="2024-09-04T17:37:13 IST" name="tearDown" finished-at="2024-09-04T17:37:17 IST" duration-ms="3684" status="PASS">
          <reporter-output>
          </reporter-output>
        </test-method> <!-- tearDown -->
        <test-method is-config="true" signature="launch()[pri:0, instance:allPages.ViewUser@37f1104d]" started-at="2024-09-04T17:37:17 IST" name="launch" finished-at="2024-09-04T17:37:17 IST" duration-ms="1" status="PASS">
          <reporter-output>
          </reporter-output>
        </test-method> <!-- launch -->
        <test-method is-config="true" signature="setUp()[pri:0, instance:allPages.ViewUser@37f1104d]" started-at="2024-09-04T17:37:17 IST" name="setUp" finished-at="2024-09-04T17:37:19 IST" duration-ms="2052" status="PASS">
          <reporter-output>
          </reporter-output>
        </test-method> <!-- setUp -->
        <test-method signature="TC28()[pri:28, instance:allPages.ViewUser@37f1104d]" started-at="2024-09-04T17:37:19 IST" name="TC28" finished-at="2024-09-04T17:37:31 IST" duration-ms="11611" status="PASS">
          <reporter-output>
          </reporter-output>
        </test-method> <!-- TC28 -->
        <test-method is-config="true" signature="tearDown()[pri:0, instance:allPages.ViewUser@37f1104d]" started-at="2024-09-04T17:37:31 IST" name="tearDown" finished-at="2024-09-04T17:37:34 IST" duration-ms="3273" status="PASS">
          <reporter-output>
          </reporter-output>
        </test-method> <!-- tearDown -->
        <test-method is-config="true" signature="launch()[pri:0, instance:allPages.ViewUser@37f1104d]" started-at="2024-09-04T17:37:34 IST" name="launch" finished-at="2024-09-04T17:37:34 IST" duration-ms="0" status="PASS">
          <reporter-output>
          </reporter-output>
        </test-method> <!-- launch -->
        <test-method is-config="true" signature="setUp()[pri:0, instance:allPages.ViewUser@37f1104d]" started-at="2024-09-04T17:37:34 IST" name="setUp" finished-at="2024-09-04T17:37:35 IST" duration-ms="1665" status="PASS">
          <reporter-output>
          </reporter-output>
        </test-method> <!-- setUp -->
        <test-method signature="TC29()[pri:29, instance:allPages.ViewUser@37f1104d]" started-at="2024-09-04T17:37:35 IST" name="TC29" finished-at="2024-09-04T17:37:54 IST" duration-ms="18799" status="PASS">
          <reporter-output>
          </reporter-output>
        </test-method> <!-- TC29 -->
        <test-method is-config="true" signature="tearDown()[pri:0, instance:allPages.ViewUser@37f1104d]" started-at="2024-09-04T17:37:54 IST" name="tearDown" finished-at="2024-09-04T17:37:58 IST" duration-ms="4085" status="PASS">
          <reporter-output>
          </reporter-output>
        </test-method> <!-- tearDown -->
        <test-method is-config="true" signature="launch()[pri:0, instance:allPages.ViewUser@37f1104d]" started-at="2024-09-04T17:37:58 IST" name="launch" finished-at="2024-09-04T17:37:58 IST" duration-ms="0" status="PASS">
          <reporter-output>
          </reporter-output>
        </test-method> <!-- launch -->
        <test-method is-config="true" signature="setUp()[pri:0, instance:allPages.ViewUser@37f1104d]" started-at="2024-09-04T17:37:58 IST" name="setUp" finished-at="2024-09-04T17:38:01 IST" duration-ms="3027" status="PASS">
          <reporter-output>
          </reporter-output>
        </test-method> <!-- setUp -->
        <test-method signature="TC30()[pri:30, instance:allPages.ViewUser@37f1104d]" started-at="2024-09-04T17:38:01 IST" name="TC30" finished-at="2024-09-04T17:38:24 IST" duration-ms="22542" status="PASS">
          <reporter-output>
          </reporter-output>
        </test-method> <!-- TC30 -->
        <test-method is-config="true" signature="tearDown()[pri:0, instance:allPages.ViewUser@37f1104d]" started-at="2024-09-04T17:38:24 IST" name="tearDown" finished-at="2024-09-04T17:38:27 IST" duration-ms="3178" status="PASS">
          <reporter-output>
          </reporter-output>
        </test-method> <!-- tearDown -->
      </class> <!-- allPages.ViewUser -->
    </test> <!-- Default test -->
  </suite> <!-- Default suite -->
</testng-results>
