<?xml version="1.0" encoding="UTF-8"?>
<!-- Generated by org.testng.reporters.JUnitReportReporter -->
<testsuite hostname="SSSLT025" failures="0" tests="84" name="allPages.CustomerList" time="1916.924" errors="3" timestamp="2024-09-06T20:34:38 IST" skipped="10">
  <testcase classname="allPages.CustomerList" name="CusAddDetailsFull" time="12.588"/>
  <testcase classname="allPages.CustomerList" name="CustomerListClick" time="7.580"/>
  <testcase classname="allPages.CustomerList" name="CusEditActBtn" time="11.517"/>
  <testcase classname="allPages.CustomerList" name="ACHFormClick" time="7.885"/>
  <testcase classname="allPages.CustomerList" name="TC01" time="8.354"/>
  <testcase classname="allPages.CustomerList" name="TC02" time="8.351"/>
  <testcase classname="allPages.CustomerList" name="TC03" time="12.699"/>
  <testcase classname="allPages.CustomerList" name="TC04" time="13.528"/>
  <testcase classname="allPages.CustomerList" name="TC05" time="8.358"/>
  <testcase classname="allPages.CustomerList" name="TC06" time="9.262"/>
  <testcase classname="allPages.CustomerList" name="TC07" time="9.283"/>
  <testcase classname="allPages.CustomerList" name="TC08" time="10.532"/>
  <testcase classname="allPages.CustomerList" name="TC09" time="12.601"/>
  <testcase classname="allPages.CustomerList" name="TC10" time="10.551"/>
  <testcase classname="allPages.CustomerList" name="TC11" time="11.642"/>
  <testcase classname="allPages.CustomerList" name="TC12" time="76.056">
    <skipped/>
  </testcase> <!-- TC12 -->
  <testcase classname="allPages.CustomerList" name="TC12" time="14.067"/>
  <testcase classname="allPages.CustomerList" name="TC13" time="20.399"/>
  <testcase classname="allPages.CustomerList" name="TC14" time="21.355"/>
  <testcase classname="allPages.CustomerList" name="TC15" time="8.409"/>
  <testcase classname="allPages.CustomerList" name="TC16" time="9.668"/>
  <testcase classname="allPages.CustomerList" name="TC18" time="10.118"/>
  <testcase classname="allPages.CustomerList" name="TC19" time="10.125"/>
  <testcase classname="allPages.CustomerList" name="TC20" time="12.392"/>
  <testcase classname="allPages.CustomerList" name="TC21" time="14.750"/>
  <testcase classname="allPages.CustomerList" name="TC22" time="13.654"/>
  <testcase classname="allPages.CustomerList" name="TC23" time="13.951"/>
  <testcase classname="allPages.CustomerList" name="TC24" time="19.696"/>
  <testcase classname="allPages.CustomerList" name="TC25" time="20.092"/>
  <testcase classname="allPages.CustomerList" name="TC26" time="18.470"/>
  <testcase classname="allPages.CustomerList" name="TC27" time="14.096"/>
  <testcase classname="allPages.CustomerList" name="TC28" time="13.649"/>
  <testcase classname="allPages.CustomerList" name="TC29" time="28.657"/>
  <testcase classname="allPages.CustomerList" name="TC30" time="14.375"/>
  <testcase classname="allPages.CustomerList" name="TC31" time="13.649"/>
  <testcase classname="allPages.CustomerList" name="TC32" time="14.040"/>
  <testcase classname="allPages.CustomerList" name="TC34" time="14.802"/>
  <testcase classname="allPages.CustomerList" name="TC35" time="15.652"/>
  <testcase classname="allPages.CustomerList" name="TC36" time="13.026"/>
  <testcase classname="allPages.CustomerList" name="TC37" time="14.546"/>
  <testcase classname="allPages.CustomerList" name="TC38" time="12.456"/>
  <testcase classname="allPages.CustomerList" name="TC39" time="17.800"/>
  <testcase classname="allPages.CustomerList" name="TC40" time="13.503"/>
  <testcase classname="allPages.CustomerList" name="TC41" time="15.907"/>
  <testcase classname="allPages.CustomerList" name="TC42" time="76.415">
    <skipped/>
  </testcase> <!-- TC42 -->
  <testcase classname="allPages.CustomerList" name="TC42" time="76.015">
    <error message="Expected condition failed: waiting for element to be clickable: By.xpath: /html/body/div[4]/div/div[2]/div/div[2]/div/div/div/div[4]/button (tried for 60 second(s) with 500 milliseconds interval)
Build info: version: &#039;4.18.1&#039;, revision: &#039;b1d3319b48&#039;
System info: os.name: &#039;Windows 11&#039;, os.arch: &#039;amd64&#039;, os.version: &#039;10.0&#039;, java.version: &#039;21.0.2&#039;
Driver info: org.openqa.selenium.chrome.ChromeDriver
Capabilities {acceptInsecureCerts: false, browserName: chrome, browserVersion: 128.0.6613.120, chrome: {chromedriverVersion: 128.0.6613.119 (6e439cfca4d..., userDataDir: C:\Users\THIRUM~1\AppData\L...}, fedcm:accounts: true, goog:chromeOptions: {debuggerAddress: localhost:56658}, networkConnectionEnabled: false, pageLoadStrategy: normal, platformName: windows, proxy: Proxy(), se:cdp: ws://localhost:56658/devtoo..., se:cdpVersion: 128.0.6613.120, setWindowRect: true, strictFileInteractability: false, timeouts: {implicit: 0, pageLoad: 300000, script: 30000}, unhandledPromptBehavior: dismiss and notify, webauthn:extension:credBlob: true, webauthn:extension:largeBlob: true, webauthn:extension:minPinLength: true, webauthn:extension:prf: true, webauthn:virtualAuthenticators: true}
Session ID: 86b89fbc07d9fb10fb0c7d1ba37d74d5" type="org.openqa.selenium.TimeoutException">
      <![CDATA[org.openqa.selenium.TimeoutException: Expected condition failed: waiting for element to be clickable: By.xpath: /html/body/div[4]/div/div[2]/div/div[2]/div/div/div/div[4]/button (tried for 60 second(s) with 500 milliseconds interval)
Build info: version: '4.18.1', revision: 'b1d3319b48'
System info: os.name: 'Windows 11', os.arch: 'amd64', os.version: '10.0', java.version: '21.0.2'
Driver info: org.openqa.selenium.chrome.ChromeDriver
Capabilities {acceptInsecureCerts: false, browserName: chrome, browserVersion: 128.0.6613.120, chrome: {chromedriverVersion: 128.0.6613.119 (6e439cfca4d..., userDataDir: C:\Users\THIRUM~1\AppData\L...}, fedcm:accounts: true, goog:chromeOptions: {debuggerAddress: localhost:56658}, networkConnectionEnabled: false, pageLoadStrategy: normal, platformName: windows, proxy: Proxy(), se:cdp: ws://localhost:56658/devtoo..., se:cdpVersion: 128.0.6613.120, setWindowRect: true, strictFileInteractability: false, timeouts: {implicit: 0, pageLoad: 300000, script: 30000}, unhandledPromptBehavior: dismiss and notify, webauthn:extension:credBlob: true, webauthn:extension:largeBlob: true, webauthn:extension:minPinLength: true, webauthn:extension:prf: true, webauthn:virtualAuthenticators: true}
Session ID: 86b89fbc07d9fb10fb0c7d1ba37d74d5
at org.openqa.selenium.support.ui.WebDriverWait.timeoutException(WebDriverWait.java:84)
at org.openqa.selenium.support.ui.FluentWait.until(FluentWait.java:228)
at allPages.CustomerList.TC42(CustomerList.java:1290)
at java.base/jdk.internal.reflect.DirectMethodHandleAccessor.invoke(DirectMethodHandleAccessor.java:103)
at java.base/java.lang.reflect.Method.invoke(Method.java:580)
at org.testng.internal.invokers.MethodInvocationHelper.invokeMethod(MethodInvocationHelper.java:139)
at org.testng.internal.invokers.TestInvoker.invokeMethod(TestInvoker.java:664)
at org.testng.internal.invokers.TestInvoker.retryFailed(TestInvoker.java:249)
at org.testng.internal.invokers.MethodRunner.runInSequence(MethodRunner.java:76)
at org.testng.internal.invokers.TestInvoker$MethodInvocationAgent.invoke(TestInvoker.java:961)
at org.testng.internal.invokers.TestInvoker.invokeTestMethods(TestInvoker.java:201)
at org.testng.internal.invokers.TestMethodWorker.invokeTestMethods(TestMethodWorker.java:148)
at org.testng.internal.invokers.TestMethodWorker.run(TestMethodWorker.java:128)
at java.base/java.util.ArrayList.forEach(ArrayList.java:1596)
at org.testng.TestRunner.privateRun(TestRunner.java:819)
at org.testng.TestRunner.run(TestRunner.java:619)
at org.testng.SuiteRunner.runTest(SuiteRunner.java:443)
at org.testng.SuiteRunner.runSequentially(SuiteRunner.java:437)
at org.testng.SuiteRunner.privateRun(SuiteRunner.java:397)
at org.testng.SuiteRunner.run(SuiteRunner.java:336)
at org.testng.SuiteRunnerWorker.runSuite(SuiteRunnerWorker.java:52)
at org.testng.SuiteRunnerWorker.run(SuiteRunnerWorker.java:95)
at org.testng.TestNG.runSuitesSequentially(TestNG.java:1301)
at org.testng.TestNG.runSuitesLocally(TestNG.java:1228)
at org.testng.TestNG.runSuites(TestNG.java:1134)
at org.testng.TestNG.run(TestNG.java:1101)
at org.testng.remote.AbstractRemoteTestNG.run(AbstractRemoteTestNG.java:115)
at org.testng.remote.RemoteTestNG.initAndRun(RemoteTestNG.java:251)
at org.testng.remote.RemoteTestNG.main(RemoteTestNG.java:77)
]]>
    </error>
  </testcase> <!-- TC42 -->
  <testcase classname="allPages.CustomerList" name="TC42" time="77.819">
    <skipped/>
  </testcase> <!-- TC42 -->
  <testcase classname="allPages.CustomerList" name="TC43" time="72.052">
    <skipped/>
  </testcase> <!-- TC43 -->
  <testcase classname="allPages.CustomerList" name="TC43" time="13.122">
    <error message="element click intercepted: Element &lt;span class=&quot;svg-icon svg-icon-3&quot;&gt;...&lt;/span&gt; is not clickable at point (1669, 418). Other element would receive the click: &lt;div class=&quot;menu-link &quot; style=&quot;padding: 0px; width: 200px;&quot;&gt;...&lt;/div&gt;
  (Session info: chrome=128.0.6613.120)
Build info: version: &#039;4.18.1&#039;, revision: &#039;b1d3319b48&#039;
System info: os.name: &#039;Windows 11&#039;, os.arch: &#039;amd64&#039;, os.version: &#039;10.0&#039;, java.version: &#039;21.0.2&#039;
Driver info: org.openqa.selenium.chrome.ChromeDriver
Command: [e5caabacb5884e984430cabd12f4c34f, clickElement {id=f.5FEE47A7D19EA284F4C15AD544465688.d.98EE5E0D30B7AF5A531ED3C4CCA9A015.e.145}]
Capabilities {acceptInsecureCerts: false, browserName: chrome, browserVersion: 128.0.6613.120, chrome: {chromedriverVersion: 128.0.6613.119 (6e439cfca4d..., userDataDir: C:\Users\THIRUM~1\AppData\L...}, fedcm:accounts: true, goog:chromeOptions: {debuggerAddress: localhost:57278}, networkConnectionEnabled: false, pageLoadStrategy: normal, platformName: windows, proxy: Proxy(), se:cdp: ws://localhost:57278/devtoo..., se:cdpVersion: 128.0.6613.120, setWindowRect: true, strictFileInteractability: false, timeouts: {implicit: 0, pageLoad: 300000, script: 30000}, unhandledPromptBehavior: dismiss and notify, webauthn:extension:credBlob: true, webauthn:extension:largeBlob: true, webauthn:extension:minPinLength: true, webauthn:extension:prf: true, webauthn:virtualAuthenticators: true}
Element: [[ChromeDriver: chrome on windows (e5caabacb5884e984430cabd12f4c34f)] -&gt; xpath: /html/body/div[3]/div[3]/ul/li[10]/div/div/span]
Session ID: e5caabacb5884e984430cabd12f4c34f" type="org.openqa.selenium.ElementClickInterceptedException">
      <![CDATA[org.openqa.selenium.ElementClickInterceptedException: element click intercepted: Element <span class="svg-icon svg-icon-3">...</span> is not clickable at point (1669, 418). Other element would receive the click: <div class="menu-link " style="padding: 0px; width: 200px;">...</div>
  (Session info: chrome=128.0.6613.120)
Build info: version: '4.18.1', revision: 'b1d3319b48'
System info: os.name: 'Windows 11', os.arch: 'amd64', os.version: '10.0', java.version: '21.0.2'
Driver info: org.openqa.selenium.chrome.ChromeDriver
Command: [e5caabacb5884e984430cabd12f4c34f, clickElement {id=f.5FEE47A7D19EA284F4C15AD544465688.d.98EE5E0D30B7AF5A531ED3C4CCA9A015.e.145}]
Capabilities {acceptInsecureCerts: false, browserName: chrome, browserVersion: 128.0.6613.120, chrome: {chromedriverVersion: 128.0.6613.119 (6e439cfca4d..., userDataDir: C:\Users\THIRUM~1\AppData\L...}, fedcm:accounts: true, goog:chromeOptions: {debuggerAddress: localhost:57278}, networkConnectionEnabled: false, pageLoadStrategy: normal, platformName: windows, proxy: Proxy(), se:cdp: ws://localhost:57278/devtoo..., se:cdpVersion: 128.0.6613.120, setWindowRect: true, strictFileInteractability: false, timeouts: {implicit: 0, pageLoad: 300000, script: 30000}, unhandledPromptBehavior: dismiss and notify, webauthn:extension:credBlob: true, webauthn:extension:largeBlob: true, webauthn:extension:minPinLength: true, webauthn:extension:prf: true, webauthn:virtualAuthenticators: true}
Element: [[ChromeDriver: chrome on windows (e5caabacb5884e984430cabd12f4c34f)] -> xpath: /html/body/div[3]/div[3]/ul/li[10]/div/div/span]
Session ID: e5caabacb5884e984430cabd12f4c34f
at java.base/jdk.internal.reflect.DirectConstructorHandleAccessor.newInstance(DirectConstructorHandleAccessor.java:62)
at java.base/java.lang.reflect.Constructor.newInstanceWithCaller(Constructor.java:502)
at java.base/java.lang.reflect.Constructor.newInstance(Constructor.java:486)
at org.openqa.selenium.remote.ErrorCodec.decode(ErrorCodec.java:167)
at org.openqa.selenium.remote.codec.w3c.W3CHttpResponseCodec.decode(W3CHttpResponseCodec.java:138)
at org.openqa.selenium.remote.codec.w3c.W3CHttpResponseCodec.decode(W3CHttpResponseCodec.java:50)
at org.openqa.selenium.remote.HttpCommandExecutor.execute(HttpCommandExecutor.java:190)
at org.openqa.selenium.remote.service.DriverCommandExecutor.invokeExecute(DriverCommandExecutor.java:216)
at org.openqa.selenium.remote.service.DriverCommandExecutor.execute(DriverCommandExecutor.java:174)
at org.openqa.selenium.remote.RemoteWebDriver.execute(RemoteWebDriver.java:519)
at org.openqa.selenium.remote.RemoteWebElement.execute(RemoteWebElement.java:223)
at org.openqa.selenium.remote.RemoteWebElement.click(RemoteWebElement.java:76)
at allPages.CustomerList.TC43(CustomerList.java:1311)
at java.base/jdk.internal.reflect.DirectMethodHandleAccessor.invoke(DirectMethodHandleAccessor.java:103)
at java.base/java.lang.reflect.Method.invoke(Method.java:580)
at org.testng.internal.invokers.MethodInvocationHelper.invokeMethod(MethodInvocationHelper.java:139)
at org.testng.internal.invokers.TestInvoker.invokeMethod(TestInvoker.java:664)
at org.testng.internal.invokers.TestInvoker.retryFailed(TestInvoker.java:249)
at org.testng.internal.invokers.MethodRunner.runInSequence(MethodRunner.java:76)
at org.testng.internal.invokers.TestInvoker$MethodInvocationAgent.invoke(TestInvoker.java:961)
at org.testng.internal.invokers.TestInvoker.invokeTestMethods(TestInvoker.java:201)
at org.testng.internal.invokers.TestMethodWorker.invokeTestMethods(TestMethodWorker.java:148)
at org.testng.internal.invokers.TestMethodWorker.run(TestMethodWorker.java:128)
at java.base/java.util.ArrayList.forEach(ArrayList.java:1596)
at org.testng.TestRunner.privateRun(TestRunner.java:819)
at org.testng.TestRunner.run(TestRunner.java:619)
at org.testng.SuiteRunner.runTest(SuiteRunner.java:443)
at org.testng.SuiteRunner.runSequentially(SuiteRunner.java:437)
at org.testng.SuiteRunner.privateRun(SuiteRunner.java:397)
at org.testng.SuiteRunner.run(SuiteRunner.java:336)
at org.testng.SuiteRunnerWorker.runSuite(SuiteRunnerWorker.java:52)
at org.testng.SuiteRunnerWorker.run(SuiteRunnerWorker.java:95)
at org.testng.TestNG.runSuitesSequentially(TestNG.java:1301)
at org.testng.TestNG.runSuitesLocally(TestNG.java:1228)
at org.testng.TestNG.runSuites(TestNG.java:1134)
at org.testng.TestNG.run(TestNG.java:1101)
at org.testng.remote.AbstractRemoteTestNG.run(AbstractRemoteTestNG.java:115)
at org.testng.remote.RemoteTestNG.initAndRun(RemoteTestNG.java:251)
at org.testng.remote.RemoteTestNG.main(RemoteTestNG.java:77)
]]>
    </error>
  </testcase> <!-- TC43 -->
  <testcase classname="allPages.CustomerList" name="TC43" time="71.515">
    <skipped/>
  </testcase> <!-- TC43 -->
  <testcase classname="allPages.CustomerList" name="TC44" time="12.390"/>
  <testcase classname="allPages.CustomerList" name="TC44" time="71.782">
    <skipped/>
  </testcase> <!-- TC44 -->
  <testcase classname="allPages.CustomerList" name="TC45" time="11.994"/>
  <testcase classname="allPages.CustomerList" name="TC46" time="21.139"/>
  <testcase classname="allPages.CustomerList" name="TC47" time="73.776">
    <skipped/>
  </testcase> <!-- TC47 -->
  <testcase classname="allPages.CustomerList" name="TC47" time="15.317"/>
  <testcase classname="allPages.CustomerList" name="TC47" time="12.653">
    <skipped/>
  </testcase> <!-- TC47 -->
  <testcase classname="allPages.CustomerList" name="TC48" time="23.621"/>
  <testcase classname="allPages.CustomerList" name="TC49" time="10.171"/>
  <testcase classname="allPages.CustomerList" name="TC50" time="18.387"/>
  <testcase classname="allPages.CustomerList" name="TC51" time="10.510"/>
  <testcase classname="allPages.CustomerList" name="TC52" time="26.085"/>
  <testcase classname="allPages.CustomerList" name="TC53" time="22.365"/>
  <testcase classname="allPages.CustomerList" name="TC54" time="37.431"/>
  <testcase classname="allPages.CustomerList" name="TC55" time="15.754"/>
  <testcase classname="allPages.CustomerList" name="TC56" time="27.679"/>
  <testcase classname="allPages.CustomerList" name="TC58" time="29.005"/>
  <testcase classname="allPages.CustomerList" name="TC57" time="25.460"/>
  <testcase classname="allPages.CustomerList" name="TC59" time="26.535"/>
  <testcase classname="allPages.CustomerList" name="TC60" time="28.341"/>
  <testcase classname="allPages.CustomerList" name="TC61" time="31.199"/>
  <testcase classname="allPages.CustomerList" name="TC62" time="24.533">
    <skipped/>
  </testcase> <!-- TC62 -->
  <testcase classname="allPages.CustomerList" name="TC62" time="23.620">
    <error message="element click intercepted: Element &lt;span class=&quot;menu-arrow&quot;&gt;&lt;/span&gt; is not clickable at point (1827, 244). Other element would receive the click: &lt;div class=&quot;ms-5 action-menu&quot;&gt;...&lt;/div&gt;
  (Session info: chrome=128.0.6613.120)
Build info: version: &#039;4.18.1&#039;, revision: &#039;b1d3319b48&#039;
System info: os.name: &#039;Windows 11&#039;, os.arch: &#039;amd64&#039;, os.version: &#039;10.0&#039;, java.version: &#039;21.0.2&#039;
Driver info: org.openqa.selenium.chrome.ChromeDriver
Command: [ee6faf1ab4f5118c687da707d3e5e660, clickElement {id=f.588101F554AC95746CF5E745F92645DF.d.CD0C427D2799853DA6DAE86D3456E30D.e.199}]
Capabilities {acceptInsecureCerts: false, browserName: chrome, browserVersion: 128.0.6613.120, chrome: {chromedriverVersion: 128.0.6613.119 (6e439cfca4d..., userDataDir: C:\Users\THIRUM~1\AppData\L...}, fedcm:accounts: true, goog:chromeOptions: {debuggerAddress: localhost:62083}, networkConnectionEnabled: false, pageLoadStrategy: normal, platformName: windows, proxy: Proxy(), se:cdp: ws://localhost:62083/devtoo..., se:cdpVersion: 128.0.6613.120, setWindowRect: true, strictFileInteractability: false, timeouts: {implicit: 0, pageLoad: 300000, script: 30000}, unhandledPromptBehavior: dismiss and notify, webauthn:extension:credBlob: true, webauthn:extension:largeBlob: true, webauthn:extension:minPinLength: true, webauthn:extension:prf: true, webauthn:virtualAuthenticators: true}
Element: [[ChromeDriver: chrome on windows (ee6faf1ab4f5118c687da707d3e5e660)] -&gt; xpath: /html/body/div[3]/div[3]/ul/li[5]/div/div/span]
Session ID: ee6faf1ab4f5118c687da707d3e5e660" type="org.openqa.selenium.ElementClickInterceptedException">
      <![CDATA[org.openqa.selenium.ElementClickInterceptedException: element click intercepted: Element <span class="menu-arrow"></span> is not clickable at point (1827, 244). Other element would receive the click: <div class="ms-5 action-menu">...</div>
  (Session info: chrome=128.0.6613.120)
Build info: version: '4.18.1', revision: 'b1d3319b48'
System info: os.name: 'Windows 11', os.arch: 'amd64', os.version: '10.0', java.version: '21.0.2'
Driver info: org.openqa.selenium.chrome.ChromeDriver
Command: [ee6faf1ab4f5118c687da707d3e5e660, clickElement {id=f.588101F554AC95746CF5E745F92645DF.d.CD0C427D2799853DA6DAE86D3456E30D.e.199}]
Capabilities {acceptInsecureCerts: false, browserName: chrome, browserVersion: 128.0.6613.120, chrome: {chromedriverVersion: 128.0.6613.119 (6e439cfca4d..., userDataDir: C:\Users\THIRUM~1\AppData\L...}, fedcm:accounts: true, goog:chromeOptions: {debuggerAddress: localhost:62083}, networkConnectionEnabled: false, pageLoadStrategy: normal, platformName: windows, proxy: Proxy(), se:cdp: ws://localhost:62083/devtoo..., se:cdpVersion: 128.0.6613.120, setWindowRect: true, strictFileInteractability: false, timeouts: {implicit: 0, pageLoad: 300000, script: 30000}, unhandledPromptBehavior: dismiss and notify, webauthn:extension:credBlob: true, webauthn:extension:largeBlob: true, webauthn:extension:minPinLength: true, webauthn:extension:prf: true, webauthn:virtualAuthenticators: true}
Element: [[ChromeDriver: chrome on windows (ee6faf1ab4f5118c687da707d3e5e660)] -> xpath: /html/body/div[3]/div[3]/ul/li[5]/div/div/span]
Session ID: ee6faf1ab4f5118c687da707d3e5e660
at java.base/jdk.internal.reflect.DirectConstructorHandleAccessor.newInstance(DirectConstructorHandleAccessor.java:62)
at java.base/java.lang.reflect.Constructor.newInstanceWithCaller(Constructor.java:502)
at java.base/java.lang.reflect.Constructor.newInstance(Constructor.java:486)
at org.openqa.selenium.remote.ErrorCodec.decode(ErrorCodec.java:167)
at org.openqa.selenium.remote.codec.w3c.W3CHttpResponseCodec.decode(W3CHttpResponseCodec.java:138)
at org.openqa.selenium.remote.codec.w3c.W3CHttpResponseCodec.decode(W3CHttpResponseCodec.java:50)
at org.openqa.selenium.remote.HttpCommandExecutor.execute(HttpCommandExecutor.java:190)
at org.openqa.selenium.remote.service.DriverCommandExecutor.invokeExecute(DriverCommandExecutor.java:216)
at org.openqa.selenium.remote.service.DriverCommandExecutor.execute(DriverCommandExecutor.java:174)
at org.openqa.selenium.remote.RemoteWebDriver.execute(RemoteWebDriver.java:519)
at org.openqa.selenium.remote.RemoteWebElement.execute(RemoteWebElement.java:223)
at org.openqa.selenium.remote.RemoteWebElement.click(RemoteWebElement.java:76)
at allPages.CustomerList.TC62(CustomerList.java:1880)
at java.base/jdk.internal.reflect.DirectMethodHandleAccessor.invoke(DirectMethodHandleAccessor.java:103)
at java.base/java.lang.reflect.Method.invoke(Method.java:580)
at org.testng.internal.invokers.MethodInvocationHelper.invokeMethod(MethodInvocationHelper.java:139)
at org.testng.internal.invokers.TestInvoker.invokeMethod(TestInvoker.java:664)
at org.testng.internal.invokers.TestInvoker.retryFailed(TestInvoker.java:249)
at org.testng.internal.invokers.MethodRunner.runInSequence(MethodRunner.java:76)
at org.testng.internal.invokers.TestInvoker$MethodInvocationAgent.invoke(TestInvoker.java:961)
at org.testng.internal.invokers.TestInvoker.invokeTestMethods(TestInvoker.java:201)
at org.testng.internal.invokers.TestMethodWorker.invokeTestMethods(TestMethodWorker.java:148)
at org.testng.internal.invokers.TestMethodWorker.run(TestMethodWorker.java:128)
at java.base/java.util.ArrayList.forEach(ArrayList.java:1596)
at org.testng.TestRunner.privateRun(TestRunner.java:819)
at org.testng.TestRunner.run(TestRunner.java:619)
at org.testng.SuiteRunner.runTest(SuiteRunner.java:443)
at org.testng.SuiteRunner.runSequentially(SuiteRunner.java:437)
at org.testng.SuiteRunner.privateRun(SuiteRunner.java:397)
at org.testng.SuiteRunner.run(SuiteRunner.java:336)
at org.testng.SuiteRunnerWorker.runSuite(SuiteRunnerWorker.java:52)
at org.testng.SuiteRunnerWorker.run(SuiteRunnerWorker.java:95)
at org.testng.TestNG.runSuitesSequentially(TestNG.java:1301)
at org.testng.TestNG.runSuitesLocally(TestNG.java:1228)
at org.testng.TestNG.runSuites(TestNG.java:1134)
at org.testng.TestNG.run(TestNG.java:1101)
at org.testng.remote.AbstractRemoteTestNG.run(AbstractRemoteTestNG.java:115)
at org.testng.remote.RemoteTestNG.initAndRun(RemoteTestNG.java:251)
at org.testng.remote.RemoteTestNG.main(RemoteTestNG.java:77)
]]>
    </error>
  </testcase> <!-- TC62 -->
  <testcase classname="allPages.CustomerList" name="TC62" time="24.921">
    <skipped/>
  </testcase> <!-- TC62 -->
  <testcase classname="allPages.CustomerList" name="TC63" time="29.186"/>
  <testcase classname="allPages.CustomerList" name="TC64" time="23.323"/>
  <testcase classname="allPages.CustomerList" name="TC65" time="29.282"/>
  <testcase classname="allPages.CustomerList" name="TC66" time="22.156"/>
  <testcase classname="allPages.CustomerList" name="TC67" time="20.462"/>
  <testcase classname="allPages.CustomerList" name="TC68" time="25.660"/>
  <testcase classname="allPages.CustomerList" name="TC69" time="37.768"/>
  <testcase classname="allPages.CustomerList" name="TC70" time="23.423"/>
  <testcase classname="allPages.CustomerList" name="TC71" time="22.239"/>
  <testcase classname="allPages.CustomerList" name="TC33" time="17.728"/>
</testsuite> <!-- allPages.CustomerList -->
